0 silly argv {
0 silly argv   _: [ 'add' ],
0 silly argv   scope: 'webapp',
0 silly argv   dev: true,
0 silly argv   D: true,
0 silly argv   globs: [],
0 silly argv   lernaVersion: '4.0.0',
0 silly argv   '$0': 'lerna',
0 silly argv   pkg: 'vite'
0 silly argv }
1 notice cli v4.0.0
2 verbose rootPath /home/tim/code/unicode-decompose
3 error JSONError: Unexpected token "}" (0x7D) in JSON at position 257 while parsing near "...-vite\": \"^2.1.0\",\n  }\n}\n" in packages/webapp/package.json
3 error
3 error [0m [90m 12 |[39m   [32m"devDependencies"[39m[33m:[39m {[0m
3 error [0m [90m 13 |[39m     [32m"@preact/preset-vite"[39m[33m:[39m [32m"^2.1.0"[39m[33m,[39m[0m
3 error [0m[31m[1m>[22m[39m[90m 14 |[39m   }[0m
3 error [0m [90m    |[39m   [31m[1m^[22m[39m[0m
3 error [0m [90m 15 |[39m }[0m
3 error [0m [90m 16 |[39m[0m
3 error
3 error     at parseJson (/home/tim/.config/nvm/versions/node/v16.4.2/lib/node_modules/lerna/node_modules/parse-json/index.js:29:21)
3 error     at parse (/home/tim/.config/nvm/versions/node/v16.4.2/lib/node_modules/lerna/node_modules/load-json-file/index.js:15:9)
3 error     at module.exports (/home/tim/.config/nvm/versions/node/v16.4.2/lib/node_modules/lerna/node_modules/load-json-file/index.js:18:47)
